#
# There is insufficient memory for the Java Runtime Environment to continue.
# Native memory allocation (mmap) failed to map 130023424 bytes for Failed to commit area from 0x0000000084e00000 to 0x000000008ca00000 of length 130023424.
# Possible reasons:
#   The system is out of physical RAM or swap space
#   The process is running with CompressedOops enabled, and the Java Heap may be blocking the growth of the native heap
# Possible solutions:
#   Reduce memory load on the system
#   Increase physical memory or swap space
#   Check if swap backing store is full
#   Decrease Java heap size (-Xmx/-Xms)
#   Decrease number of Java threads
#   Decrease Java thread stack sizes (-Xss)
#   Set larger code cache with -XX:ReservedCodeCacheSize=
# This output file may be truncated or incomplete.
#
#  Out of Memory Error (./src/hotspot/os/windows/os_windows.cpp:3301), pid=2756, tid=12528
#
# JRE version:  (11.0.10) (build )
# Java VM: OpenJDK 64-Bit Server VM (11.0.10+0-b96-7249189, mixed mode, sharing, tiered, compressed oops, g1 gc, windows-amd64)
# No core dump will be written. Minidumps are not enabled by default on client versions of Windows
#

---------------  S U M M A R Y ------------

Command Line: 

Host: Intel(R) Core(TM) i3-1005G1 CPU @ 1.20GHz, 4 cores, 7G,  Windows 10 , 64 bit Build 19041 (10.0.19041.1348)
Time: Sun Nov 14 11:22:07 2021 Pacific Standard Time elapsed time: 0.037662 seconds (0d 0h 0m 0s)

---------------  T H R E A D  ---------------

Current thread (0x0000029aa66db800):  JavaThread "Unknown thread" [_thread_in_vm, id=12528, stack(0x000000aea2500000,0x000000aea2600000)]

Stack: [0x000000aea2500000,0x000000aea2600000]
Native frames: (J=compiled Java code, j=interpreted, Vv=VM code, C=native code)
V  [jvm.dll+0x5ecfaa]
V  [jvm.dll+0x722bd5]
V  [jvm.dll+0x72412d]
V  [jvm.dll+0x7247e3]
V  [jvm.dll+0x242928]
V  [jvm.dll+0x5ea374]
V  [jvm.dll+0x5df425]
V  [jvm.dll+0x2fdebb]
V  [jvm.dll+0x2fde2a]
V  [jvm.dll+0x2fdd02]
V  [jvm.dll+0x302bf6]
V  [jvm.dll+0x34b2a3]
V  [jvm.dll+0x34b9a6]
V  [jvm.dll+0x34b3a3]
V  [jvm.dll+0x2d8888]
V  [jvm.dll+0x2d9a37]
V  [jvm.dll+0x701737]
V  [jvm.dll+0x702f2c]
V  [jvm.dll+0x3587d9]
V  [jvm.dll+0x6e4fae]
V  [jvm.dll+0x3c0be3]
V  [jvm.dll+0x3c2e91]
C  [jli.dll+0x5373]
C  [ucrtbase.dll+0x21bb2]
C  [KERNEL32.DLL+0x17034]
C  [ntdll.dll+0x52651]


---------------  P R O C E S S  ---------------

Threads class SMR info:
_java_thread_list=0x0000029aa4e41780, length=0, elements={
}

Java Threads: ( => current thread )

Other Threads:
  0x0000029aa66f3000 GCTaskThread "GC Thread#0" [stack: 0x000000aea2600000,0x000000aea2700000] [id=3756]
  0x0000029aa6722000 ConcurrentGCThread "G1 Main Marker" [stack: 0x000000aea2700000,0x000000aea2800000] [id=4536]
  0x0000029aa6724800 ConcurrentGCThread "G1 Conc#0" [stack: 0x000000aea2800000,0x000000aea2900000] [id=3028]

[error occurred during error reporting (printing all threads), id 0xc0000005, EXCEPTION_ACCESS_VIOLATION (0xc0000005) at pc=0x00007ffa32699107]

VM state:not at safepoint (not fully initialized)

VM Mutex/Monitor currently owned by a thread:  ([mutex/lock_event])
[0x0000029aa66d7000] Heap_lock - owner thread: 0x0000029aa66db800

Heap address: 0x0000000084e00000, size: 1970 MB, Compressed Oops mode: Non-zero based: 0x0000000084e00000
Narrow klass base: 0x0000000000000000, Narrow klass shift: 0

GC Heap History (0 events):
No events

Deoptimization events (0 events):
No events

Classes redefined (0 events):
No events

Internal exceptions (0 events):
No events

Events (1 events):
Event: 0.010 Loaded shared library C:\Program Files\Android\Android Studio\jre\bin\zip.dll


Dynamic libraries:
0x00007ff722620000 - 0x00007ff72262a000 	C:\Program Files\Android\Android Studio\jre\bin\java.EXE
0x00007ffaab350000 - 0x00007ffaab545000 	C:\windows\SYSTEM32\ntdll.dll
0x00007ffaaa210000 - 0x00007ffaaa2ce000 	C:\windows\System32\KERNEL32.DLL
0x00007ffaa8fa0000 - 0x00007ffaa9268000 	C:\windows\System32\KERNELBASE.dll
0x00007ffaa8a70000 - 0x00007ffaa8b70000 	C:\windows\System32\ucrtbase.dll
0x00007ffa8aed0000 - 0x00007ffa8aee9000 	C:\Program Files\Android\Android Studio\jre\bin\jli.dll
0x00007ffaaaf40000 - 0x00007ffaab0e1000 	C:\windows\System32\USER32.dll
0x00007ffaa8b70000 - 0x00007ffaa8b92000 	C:\windows\System32\win32u.dll
0x00007ffaa94d0000 - 0x00007ffaa94fb000 	C:\windows\System32\GDI32.dll
0x00007ffaa8d30000 - 0x00007ffaa8e3b000 	C:\windows\System32\gdi32full.dll
0x00007ffaa8c00000 - 0x00007ffaa8c9d000 	C:\windows\System32\msvcp_win.dll
0x00007ffa7be10000 - 0x00007ffa7be27000 	C:\Program Files\Android\Android Studio\jre\bin\VCRUNTIME140.dll
0x00007ffa8e060000 - 0x00007ffa8e2fa000 	C:\windows\WinSxS\amd64_microsoft.windows.common-controls_6595b64144ccf1df_6.0.19041.1110_none_60b5254171f9507e\COMCTL32.dll
0x00007ffaaaa10000 - 0x00007ffaaaaae000 	C:\windows\System32\msvcrt.dll
0x00007ffaa9500000 - 0x00007ffaa9530000 	C:\windows\System32\IMM32.DLL
0x00007ffa64640000 - 0x00007ffa646dd000 	C:\Program Files\Android\Android Studio\jre\bin\msvcp140.dll
0x00007ffa323b0000 - 0x00007ffa32e7f000 	C:\Program Files\Android\Android Studio\jre\bin\server\jvm.dll
0x00007ffaaa0d0000 - 0x00007ffaaa17c000 	C:\windows\System32\ADVAPI32.dll
0x00007ffaa9740000 - 0x00007ffaa97db000 	C:\windows\System32\sechost.dll
0x00007ffaa93a0000 - 0x00007ffaa94ca000 	C:\windows\System32\RPCRT4.dll
0x00007ffaaaf30000 - 0x00007ffaaaf38000 	C:\windows\System32\PSAPI.DLL
0x00007ffa7c610000 - 0x00007ffa7c619000 	C:\windows\SYSTEM32\WSOCK32.dll
0x00007ffaab1f0000 - 0x00007ffaab25b000 	C:\windows\System32\WS2_32.dll
0x00007ffa8af90000 - 0x00007ffa8afb7000 	C:\windows\SYSTEM32\WINMM.dll
0x00007ffa97770000 - 0x00007ffa9777a000 	C:\windows\SYSTEM32\VERSION.dll
0x00007ffaa72f0000 - 0x00007ffaa7302000 	C:\windows\SYSTEM32\kernel.appcore.dll
0x00007ffa8a620000 - 0x00007ffa8a631000 	C:\Program Files\Android\Android Studio\jre\bin\verify.dll
0x00007ffaa67d0000 - 0x00007ffaa69b4000 	C:\windows\SYSTEM32\DBGHELP.DLL
0x00007ffa8aea0000 - 0x00007ffa8aecc000 	C:\windows\SYSTEM32\dbgcore.DLL
0x00007ffaa8ca0000 - 0x00007ffaa8d23000 	C:\windows\System32\bcryptPrimitives.dll
0x00007ffa82750000 - 0x00007ffa82779000 	C:\Program Files\Android\Android Studio\jre\bin\java.dll
0x00007ffaa0f60000 - 0x00007ffaa0f6b000 	C:\Program Files\Android\Android Studio\jre\bin\jimage.dll
0x00007ffa825c0000 - 0x00007ffa825d8000 	C:\Program Files\Android\Android Studio\jre\bin\zip.dll

dbghelp: loaded successfully - version: 4.0.5 - missing functions: none
symbol engine: initialized successfully - sym options: 0x614 - pdb path: .;C:\Program Files\Android\Android Studio\jre\bin;C:\windows\SYSTEM32;C:\windows\WinSxS\amd64_microsoft.windows.common-controls_6595b64144ccf1df_6.0.19041.1110_none_60b5254171f9507e;C:\Program Files\Android\Android Studio\jre\bin\server

VM Arguments:
java_command: <unknown>
java_class_path (initial): <not set>
Launcher Type: SUN_STANDARD

[Global flags]
     intx CICompilerCount                          = 3                                         {product} {ergonomic}
     uint ConcGCThreads                            = 1                                         {product} {ergonomic}
     uint G1ConcRefinementThreads                  = 4                                         {product} {ergonomic}
   size_t G1HeapRegionSize                         = 1048576                                   {product} {ergonomic}
    uintx GCDrainStackTargetSize                   = 64                                        {product} {ergonomic}
   size_t InitialHeapSize                          = 130023424                                 {product} {ergonomic}
   size_t MarkStackSize                            = 4194304                                   {product} {ergonomic}
   size_t MaxHeapSize                              = 2065694720                                {product} {ergonomic}
   size_t MinHeapDeltaBytes                        = 1048576                                   {product} {ergonomic}
    uintx NonNMethodCodeHeapSize                   = 5830732                                {pd product} {ergonomic}
    uintx NonProfiledCodeHeapSize                  = 122913754                              {pd product} {ergonomic}
    uintx ProfiledCodeHeapSize                     = 122913754                              {pd product} {ergonomic}
    uintx ReservedCodeCacheSize                    = 251658240                              {pd product} {ergonomic}
     bool SegmentedCodeCache                       = true                                      {product} {ergonomic}
     bool UseCompressedClassPointers               = true                                 {lp64_product} {ergonomic}
     bool UseCompressedOops                        = true                                 {lp64_product} {ergonomic}
     bool UseG1GC                                  = true                                      {product} {ergonomic}
     bool UseLargePagesIndividualAllocation        = false                                  {pd product} {ergonomic}

Logging:
Log output configuration:
 #0: stdout all=warning uptime,level,tags
 #1: stderr all=off uptime,level,tags

Environment Variables:
JAVA_HOME=C:\Program Files\Java\jdk-17
PATH=C:\Program Files\Common Files\Oracle\Java\javapath;C:\windows\system32;C:\windows;C:\windows\System32\Wbem;"C:\Windows\System32\WindowsPowerShell\v1.0\;C:\Python38;C:\Python38\Scripts";C:\windows\System32\OpenSSH\;C:\Program Files\Git\cmd;C:\Windows\System32\flutter\bin;C:\Windows\System32\WindowsPowerShell\v1.0;C:\Program Files\Java\jdk-17\bin;C:\Program Files\dotnet\;C:\Users\Eyosiyas\AppData\Local\Programs\Python\Python38\Scripts\;C:\Users\Eyosiyas\AppData\Local\Programs\Python\Python38\;C:\Users\Eyosiyas\AppData\Local\Programs\Python\Launcher\;C:\Users\Eyosiyas\AppData\Local\Microsoft\WindowsApps;C:\Program Files\JetBrains\PyCharm Community Edition 2020.2.3\bin;;C:\Users\Eyosiyas\AppData\Local\Programs\Microsoft VS Code\bin;C:\Program Files\CMake\bin;C:\flutter\bin;;C:\flutter\bin\mingit\cmd
USERNAME=Eyosiyas
OS=Windows_NT
PROCESSOR_IDENTIFIER=Intel64 Family 6 Model 126 Stepping 5, GenuineIntel



---------------  S Y S T E M  ---------------

OS: Windows 10 , 64 bit Build 19041 (10.0.19041.1348)
OS uptime: 0 days 4:06 hours

CPU:total 4 (initial active 4) (2 cores per cpu, 2 threads per core) family 6 model 126 stepping 5 microcode 0xa0, cmov, cx8, fxsr, mmx, sse, sse2, sse3, ssse3, sse4.1, sse4.2, popcnt, avx, avx2, aes, clmul, erms, 3dnowpref, lzcnt, ht, tsc, tscinvbit, bmi1, bmi2, adx, evex, sha, fma

Memory: 4k page, system-wide physical 7877M (703M free)
TotalPageFile size 12117M (AvailPageFile size 66M)
current process WorkingSet (physical memory assigned to process): 9M, peak: 9M
current process commit charge ("private bytes"): 51M, peak: 175M

vm_info: OpenJDK 64-Bit Server VM (11.0.10+0-b96-7249189) for windows-amd64 JRE (11.0.10+0-b96-7249189), built on Mar 31 2021 21:44:00 by "builder" with MS VC++ 14.0 (VS2015)

END.
