#
# There is insufficient memory for the Java Runtime Environment to continue.
# Native memory allocation (mmap) failed to map 130023424 bytes for G1 virtual space
# Possible reasons:
#   The system is out of physical RAM or swap space
#   The process is running with CompressedOops enabled, and the Java Heap may be blocking the growth of the native heap
# Possible solutions:
#   Reduce memory load on the system
#   Increase physical memory or swap space
#   Check if swap backing store is full
#   Decrease Java heap size (-Xmx/-Xms)
#   Decrease number of Java threads
#   Decrease Java thread stack sizes (-Xss)
#   Set larger code cache with -XX:ReservedCodeCacheSize=
#   JVM is running with Unscaled Compressed Oops mode in which the Java heap is
#     placed in the first 4GB address space. The Java Heap base address is the
#     maximum limit for the native heap growth. Please use -XX:HeapBaseMinAddress
#     to set the Java Heap base and to place the Java Heap above 4GB virtual address.
# This output file may be truncated or incomplete.
#
#  Out of Memory Error (os_windows.cpp:3469), pid=5756, tid=11804
#
# JRE version:  (17.0+35) (build )
# Java VM: Java HotSpot(TM) 64-Bit Server VM (17+35-LTS-2724, mixed mode, sharing, tiered, compressed oops, compressed class ptrs, g1 gc, windows-amd64)
# No core dump will be written. Minidumps are not enabled by default on client versions of Windows
#

---------------  S U M M A R Y ------------

Command Line: -Dorg.gradle.appname=gradlew org.gradle.wrapper.GradleWrapperMain -q -Ptarget-platform=android-arm64 -Ptarget=G:\Flutter\social_integration\lib\main.dart -Pdart-defines=Zmx1dHRlci5pbnNwZWN0b3Iuc3RydWN0dXJlZEVycm9ycz10cnVl,RkxVVFRFUl9XRUJfQVVUT19ERVRFQ1Q9dHJ1ZQ== -Pdart-obfuscation=false -Ptrack-widget-creation=true -Ptree-shake-icons=false -Pfilesystem-scheme=org-dartlang-root assembleDebug

Host: Intel(R) Core(TM) i3-1005G1 CPU @ 1.20GHz, 4 cores, 7G,  Windows 10 , 64 bit Build 19041 (10.0.19041.1348)
Time: Sun Nov 14 11:22:07 2021 Pacific Standard Time elapsed time: 0.025227 seconds (0d 0h 0m 0s)

---------------  T H R E A D  ---------------

Current thread (0x00000244ed59e660):  JavaThread "Unknown thread" [_thread_in_vm, id=11804, stack(0x0000005929d00000,0x0000005929e00000)]

Stack: [0x0000005929d00000,0x0000005929e00000]
Native frames: (J=compiled Java code, j=interpreted, Vv=VM code, C=native code)
V  [jvm.dll+0x66f8ea]
V  [jvm.dll+0x7ce224]
V  [jvm.dll+0x7cf9ce]
V  [jvm.dll+0x7d0033]
V  [jvm.dll+0x242bb5]
V  [jvm.dll+0x66c909]
V  [jvm.dll+0x6613d2]
V  [jvm.dll+0x30082b]
V  [jvm.dll+0x307db6]
V  [jvm.dll+0x357a0e]
V  [jvm.dll+0x357c3f]
V  [jvm.dll+0x2d7ae8]
V  [jvm.dll+0x2d8a54]
V  [jvm.dll+0x7a00a1]
V  [jvm.dll+0x365781]
V  [jvm.dll+0x77f59c]
V  [jvm.dll+0x3e805f]
V  [jvm.dll+0x3e9b01]
C  [jli.dll+0x527b]
C  [ucrtbase.dll+0x21bb2]
C  [KERNEL32.DLL+0x17034]
C  [ntdll.dll+0x52651]


---------------  P R O C E S S  ---------------

Threads class SMR info:
_java_thread_list=0x00007ffa32287818, length=0, elements={
}

Java Threads: ( => current thread )

Other Threads:
  0x00000244ed5fda00 GCTaskThread "GC Thread#0" [stack: 0x0000005929e00000,0x0000005929f00000] [id=1384]
  0x00000244ed60df80 ConcurrentGCThread "G1 Main Marker" [stack: 0x0000005929f00000,0x000000592a000000] [id=1128]
  0x00000244ed60f9a0 ConcurrentGCThread "G1 Conc#0" [stack: 0x000000592a000000,0x000000592a100000] [id=11944]

[error occurred during error reporting (printing all threads), id 0xc0000005, EXCEPTION_ACCESS_VIOLATION (0xc0000005) at pc=0x00007ffa31ad84c7]

VM state: not at safepoint (not fully initialized)

VM Mutex/Monitor currently owned by a thread:  ([mutex/lock_event])
[0x00000244ed59c740] Heap_lock - owner thread: 0x00000244ed59e660

Heap address: 0x0000000084e00000, size: 1970 MB, Compressed Oops mode: 32-bit

CDS archive(s) mapped at: [0x0000000000000000-0x0000000000000000-0x0000000000000000), size 0, SharedBaseAddress: 0x0000000800000000, ArchiveRelocationMode: 0.
Narrow klass base: 0x0000000000000000, Narrow klass shift: 0, Narrow klass range: 0x0

GC Precious Log:
<Empty>

Heap:
 garbage-first heap   total 0K, used 0K [0x0000000084e00000, 0x0000000100000000)
  region size 1024K, 0 young (0K), 0 survivors (0K)

[error occurred during error reporting (printing heap information), id 0xc0000005, EXCEPTION_ACCESS_VIOLATION (0xc0000005) at pc=0x00007ffa31eb8c59]

GC Heap History (0 events):
No events

Deoptimization events (0 events):
No events

Classes unloaded (0 events):
No events

Classes redefined (0 events):
No events

Internal exceptions (0 events):
No events

VM Operations (0 events):
No events

Events (1 events):
Event: 0.007 Loaded shared library C:\Program Files\Java\jdk-17\bin\java.dll


Dynamic libraries:
0x00007ff743140000 - 0x00007ff743150000 	C:\Program Files\Java\jdk-17\bin\java.exe
0x00007ffaab350000 - 0x00007ffaab545000 	C:\windows\SYSTEM32\ntdll.dll
0x00007ffaaa210000 - 0x00007ffaaa2ce000 	C:\windows\System32\KERNEL32.DLL
0x00007ffaa8fa0000 - 0x00007ffaa9268000 	C:\windows\System32\KERNELBASE.dll
0x00007ffaa8a70000 - 0x00007ffaa8b70000 	C:\windows\System32\ucrtbase.dll
0x00007ffaa0ec0000 - 0x00007ffaa0ed8000 	C:\Program Files\Java\jdk-17\bin\jli.dll
0x00007ffaaa0d0000 - 0x00007ffaaa17c000 	C:\windows\System32\ADVAPI32.dll
0x00007ffaaaa10000 - 0x00007ffaaaaae000 	C:\windows\System32\msvcrt.dll
0x00007ffaa9740000 - 0x00007ffaa97db000 	C:\windows\System32\sechost.dll
0x00007ffaa93a0000 - 0x00007ffaa94ca000 	C:\windows\System32\RPCRT4.dll
0x00007ffaaaf40000 - 0x00007ffaab0e1000 	C:\windows\System32\USER32.dll
0x00007ffaa8b70000 - 0x00007ffaa8b92000 	C:\windows\System32\win32u.dll
0x00007ffaa94d0000 - 0x00007ffaa94fb000 	C:\windows\System32\GDI32.dll
0x00007ffaa8d30000 - 0x00007ffaa8e3b000 	C:\windows\System32\gdi32full.dll
0x00007ffaa8c00000 - 0x00007ffaa8c9d000 	C:\windows\System32\msvcp_win.dll
0x00007ffa87ae0000 - 0x00007ffa87afa000 	C:\Program Files\Java\jdk-17\bin\VCRUNTIME140.dll
0x00007ffa8e060000 - 0x00007ffa8e2fa000 	C:\windows\WinSxS\amd64_microsoft.windows.common-controls_6595b64144ccf1df_6.0.19041.1110_none_60b5254171f9507e\COMCTL32.dll
0x00007ffa97770000 - 0x00007ffa9777a000 	C:\windows\SYSTEM32\VERSION.dll
0x00007ffaa9500000 - 0x00007ffaa9530000 	C:\windows\System32\IMM32.DLL
0x00007ffaa1040000 - 0x00007ffaa104c000 	C:\Program Files\Java\jdk-17\bin\vcruntime140_1.dll
0x00007ffa87590000 - 0x00007ffa8761d000 	C:\Program Files\Java\jdk-17\bin\msvcp140.dll
0x00007ffa317f0000 - 0x00007ffa323ae000 	C:\Program Files\Java\jdk-17\bin\server\jvm.dll
0x00007ffaaaf30000 - 0x00007ffaaaf38000 	C:\windows\System32\PSAPI.DLL
0x00007ffa7c610000 - 0x00007ffa7c619000 	C:\windows\SYSTEM32\WSOCK32.dll
0x00007ffaab1f0000 - 0x00007ffaab25b000 	C:\windows\System32\WS2_32.dll
0x00007ffa8af90000 - 0x00007ffa8afb7000 	C:\windows\SYSTEM32\WINMM.dll
0x00007ffaa72f0000 - 0x00007ffaa7302000 	C:\windows\SYSTEM32\kernel.appcore.dll
0x00007ffaa0f30000 - 0x00007ffaa0f3a000 	C:\Program Files\Java\jdk-17\bin\jimage.dll
0x00007ffaa67d0000 - 0x00007ffaa69b4000 	C:\windows\SYSTEM32\DBGHELP.DLL
0x00007ffa8aea0000 - 0x00007ffa8aecc000 	C:\windows\SYSTEM32\dbgcore.DLL
0x00007ffaa8ca0000 - 0x00007ffaa8d23000 	C:\windows\System32\bcryptPrimitives.dll
0x00007ffa87560000 - 0x00007ffa87585000 	C:\Program Files\Java\jdk-17\bin\java.dll

dbghelp: loaded successfully - version: 4.0.5 - missing functions: none
symbol engine: initialized successfully - sym options: 0x614 - pdb path: .;C:\Program Files\Java\jdk-17\bin;C:\windows\SYSTEM32;C:\windows\WinSxS\amd64_microsoft.windows.common-controls_6595b64144ccf1df_6.0.19041.1110_none_60b5254171f9507e;C:\Program Files\Java\jdk-17\bin\server

VM Arguments:
jvm_args: -Dorg.gradle.appname=gradlew 
java_command: org.gradle.wrapper.GradleWrapperMain -q -Ptarget-platform=android-arm64 -Ptarget=G:\Flutter\social_integration\lib\main.dart -Pdart-defines=Zmx1dHRlci5pbnNwZWN0b3Iuc3RydWN0dXJlZEVycm9ycz10cnVl,RkxVVFRFUl9XRUJfQVVUT19ERVRFQ1Q9dHJ1ZQ== -Pdart-obfuscation=false -Ptrack-widget-creation=true -Ptree-shake-icons=false -Pfilesystem-scheme=org-dartlang-root assembleDebug
java_class_path (initial): G:\Flutter\social_integration\android\\gradle\wrapper\gradle-wrapper.jar
Launcher Type: SUN_STANDARD

[Global flags]
     intx CICompilerCount                          = 3                                         {product} {ergonomic}
     uint ConcGCThreads                            = 1                                         {product} {ergonomic}
     uint G1ConcRefinementThreads                  = 4                                         {product} {ergonomic}
   size_t G1HeapRegionSize                         = 1048576                                   {product} {ergonomic}
    uintx GCDrainStackTargetSize                   = 64                                        {product} {ergonomic}
   size_t InitialHeapSize                          = 130023424                                 {product} {ergonomic}
   size_t MarkStackSize                            = 4194304                                   {product} {ergonomic}
   size_t MaxHeapSize                              = 2065694720                                {product} {ergonomic}
   size_t MinHeapDeltaBytes                        = 1048576                                   {product} {ergonomic}
   size_t MinHeapSize                              = 8388608                                   {product} {ergonomic}
    uintx NonNMethodCodeHeapSize                   = 5832780                                {pd product} {ergonomic}
    uintx NonProfiledCodeHeapSize                  = 122912730                              {pd product} {ergonomic}
    uintx ProfiledCodeHeapSize                     = 122912730                              {pd product} {ergonomic}
    uintx ReservedCodeCacheSize                    = 251658240                              {pd product} {ergonomic}
     bool SegmentedCodeCache                       = true                                      {product} {ergonomic}
   size_t SoftMaxHeapSize                          = 2065694720                             {manageable} {ergonomic}
     bool UseCompressedClassPointers               = true                           {product lp64_product} {ergonomic}
     bool UseCompressedOops                        = true                           {product lp64_product} {ergonomic}
     bool UseG1GC                                  = true                                      {product} {ergonomic}
     bool UseLargePagesIndividualAllocation        = false                                  {pd product} {ergonomic}

Logging:
Log output configuration:
 #0: stdout all=warning uptime,level,tags
 #1: stderr all=off uptime,level,tags

Environment Variables:
JAVA_HOME=C:\Program Files\Java\jdk-17
CLASSPATH=G:\Flutter\social_integration\android\\gradle\wrapper\gradle-wrapper.jar
PATH=C:\Program Files\Common Files\Oracle\Java\javapath;C:\windows\system32;C:\windows;C:\windows\System32\Wbem;"C:\Windows\System32\WindowsPowerShell\v1.0\;C:\Python38;C:\Python38\Scripts";C:\windows\System32\OpenSSH\;C:\Program Files\Git\cmd;C:\Windows\System32\flutter\bin;C:\Windows\System32\WindowsPowerShell\v1.0;C:\Program Files\Java\jdk-17\bin;C:\Program Files\dotnet\;C:\Users\Eyosiyas\AppData\Local\Programs\Python\Python38\Scripts\;C:\Users\Eyosiyas\AppData\Local\Programs\Python\Python38\;C:\Users\Eyosiyas\AppData\Local\Programs\Python\Launcher\;C:\Users\Eyosiyas\AppData\Local\Microsoft\WindowsApps;C:\Program Files\JetBrains\PyCharm Community Edition 2020.2.3\bin;;C:\Users\Eyosiyas\AppData\Local\Programs\Microsoft VS Code\bin;C:\Program Files\CMake\bin;C:\flutter\bin;;C:\flutter\bin\mingit\cmd
USERNAME=Eyosiyas
OS=Windows_NT
PROCESSOR_IDENTIFIER=Intel64 Family 6 Model 126 Stepping 5, GenuineIntel



---------------  S Y S T E M  ---------------

OS:
 Windows 10 , 64 bit Build 19041 (10.0.19041.1348)
OS uptime: 0 days 4:06 hours

CPU: total 4 (initial active 4) (2 cores per cpu, 2 threads per core) family 6 model 126 stepping 5 microcode 0xa0, cx8, cmov, fxsr, ht, mmx, 3dnowpref, sse, sse2, sse3, ssse3, sse4.1, sse4.2, popcnt, lzcnt, tsc, tscinvbit, avx, avx2, aes, erms, clmul, bmi1, bmi2, adx, avx512f, avx512dq, avx512cd, avx512bw, avx512vl, sha, fma, vzeroupper, avx512_vpopcntdq, avx512_vpclmulqdq, avx512_vaes, avx512_vnni, clflush, clflushopt, avx512_vbmi2, avx512_vbmi

Memory: 4k page, system-wide physical 7877M (654M free)
TotalPageFile size 12117M (AvailPageFile size 7M)
current process WorkingSet (physical memory assigned to process): 10M, peak: 10M
current process commit charge ("private bytes"): 51M, peak: 175M

vm_info: Java HotSpot(TM) 64-Bit Server VM (17+35-LTS-2724) for windows-amd64 JRE (17+35-LTS-2724), built on Aug  5 2021 23:28:28 by "mach5one" with MS VC++ 16.8 (VS2019)

END.
